[ 08:59:37,717 ] QObject::connect: Cannot connect (null)::stateChanged(QNetworkSession::State) to QNetworkReplyHttpImpl::_q_networkSessionStateChanged(QNetworkSession::State)
[ 08:59:40,087 ] Asset loading complete
[ 08:59:40,090 ] QObject::connect: Cannot connect (null)::stateChanged(QNetworkSession::State) to QNetworkReplyHttpImpl::_q_networkSessionStateChanged(QNetworkSession::State)
[ 08:59:40,091 ] QObject::connect: Cannot connect (null)::stateChanged(QNetworkSession::State) to QNetworkReplyHttpImpl::_q_networkSessionStateChanged(QNetworkSession::State)
[ 08:59:40,478 ] QObject::connect: Cannot connect (null)::stateChanged(QNetworkSession::State) to QNetworkReplyHttpImpl::_q_networkSessionStateChanged(QNetworkSession::State)
[ 08:59:53,802 ] QObject::connect: Cannot connect (null)::stateChanged(QNetworkSession::State) to QNetworkReplyHttpImpl::_q_networkSessionStateChanged(QNetworkSession::State)
[ 08:59:54,621 ] QObject::connect: Cannot connect (null)::stateChanged(QNetworkSession::State) to QNetworkReplyHttpImpl::_q_networkSessionStateChanged(QNetworkSession::State)
[ 08:59:54,868 ] News query failed: "Unrecognized event news."
[ 08:59:55,450 ] Request connection to gameserver  "tcp://35.239.35.39:7172"  (unprotected:  "tcp://35.239.35.39:7172" )  requested (Charakter "GM Gaylord" )
[ 08:59:55,486 ] Request connection to gameserver  "tcp://35.239.35.39:7172" "Shin Bone"
[ 08:59:55,569 ] Connected to gameserver  "tcp://35.239.35.39:7172" "Shin Bone"
[ 08:59:56,853 ] QObject::connect: Cannot connect (null)::stateChanged(QNetworkSession::State) to QNetworkReplyHttpImpl::_q_networkSessionStateChanged(QNetworkSession::State)
[ 08:59:57,053 ] News query failed: "Unrecognized event news."
[ 09:00:05,191 ] Connection to gameserver  "tcp://35.239.35.39:7172" "Shin Bone"  was disconnected ( "The remote host closed the connection" )
[ 09:00:05,192 ] QObject::connect: Cannot connect (null)::stateChanged(QNetworkSession::State) to QNetworkReplyHttpImpl::_q_networkSessionStateChanged(QNetworkSession::State)
[ 09:00:05,322 ] Disconnected from gameserver
[ 09:00:05,413 ] QObject::connect: Cannot connect (null)::stateChanged(QNetworkSession::State) to QNetworkReplyHttpImpl::_q_networkSessionStateChanged(QNetworkSession::State)
[ 09:00:05,414 ] QObject::connect: Cannot connect (null)::stateChanged(QNetworkSession::State) to QNetworkReplyHttpImpl::_q_networkSessionStateChanged(QNetworkSession::State)
[ 09:00:05,660 ] QObject::connect: Cannot connect (null)::stateChanged(QNetworkSession::State) to QNetworkReplyHttpImpl::_q_networkSessionStateChanged(QNetworkSession::State)
[ 09:00:05,661 ] QObject::connect: Cannot connect (null)::stateChanged(QNetworkSession::State) to QNetworkReplyHttpImpl::_q_networkSessionStateChanged(QNetworkSession::State)
[ 09:00:05,698 ] QObject::connect: Cannot connect (null)::stateChanged(QNetworkSession::State) to QNetworkReplyHttpImpl::_q_networkSessionStateChanged(QNetworkSession::State)
[ 09:00:05,910 ] News query failed: "Unrecognized event news."
[ 09:00:07,123 ] Request connection to gameserver  "tcp://35.239.35.39:7172"  (unprotected:  "tcp://35.239.35.39:7172" )  requested (Charakter "GM Gaylord" )
[ 09:00:07,142 ] Request connection to gameserver  "tcp://35.239.35.39:7172" "Shin Bone"
[ 09:00:07,209 ] Connected to gameserver  "tcp://35.239.35.39:7172" "Shin Bone"
[ 09:00:08,110 ] Didn't send news query with params ( 0 0 ) (URL: QUrl("http://35.239.35.39/login.php") ) due to too many retries.
[ 09:18:40,097 ] "updateOrCreateCreatureFromProtobuf: no creature with id 1073791367 found"
[ 09:18:41,812 ] "updateOrCreateCreatureFromProtobuf: no creature with id 1073791367 found"
[ 09:19:07,597 ] "updateOrCreateCreatureFromProtobuf: no creature with id 1073791419 found"
[ 09:19:09,699 ] "updateOrCreateCreatureFromProtobuf: no creature with id 1073791419 found"
[ 09:19:11,198 ] "updateOrCreateCreatureFromProtobuf: no creature with id 1073791421 found"
[ 09:19:12,865 ] "updateOrCreateCreatureFromProtobuf: no creature with id 1073791421 found"
[ 09:19:14,650 ] "updateOrCreateCreatureFromProtobuf: no creature with id 1073791421 found"
[ 09:19:16,268 ] "updateOrCreateCreatureFromProtobuf: no creature with id 1073791433 found"
[ 09:19:17,819 ] "updateOrCreateCreatureFromProtobuf: no creature with id 1073791433 found"
[ 09:19:19,420 ] "updateOrCreateCreatureFromProtobuf: no creature with id 1073791433 found"
[ 09:19:19,703 ] "updateOrCreateCreatureFromProtobuf: no creature with id 268435493 found"
[ 09:19:21,004 ] "updateOrCreateCreatureFromProtobuf: no creature with id 1073817559 found"
[ 09:19:22,656 ] "updateOrCreateCreatureFromProtobuf: no creature with id 1073817559 found"
[ 09:19:24,239 ] "updateOrCreateCreatureFromProtobuf: no creature with id 1073817559 found"
[ 10:11:46,200 ] Connection to gameserver  "tcp://35.239.35.39:7172" "Shin Bone"  was disconnected ( "The remote host closed the connection" )
[ 10:11:46,203 ] QObject::connect: Cannot connect (null)::stateChanged(QNetworkSession::State) to QNetworkReplyHttpImpl::_q_networkSessionStateChanged(QNetworkSession::State)
[ 10:11:46,346 ] Disconnected from gameserver
[ 10:11:46,521 ] QObject::connect: Cannot connect (null)::stateChanged(QNetworkSession::State) to QNetworkReplyHttpImpl::_q_networkSessionStateChanged(QNetworkSession::State)
[ 10:11:46,521 ] QObject::connect: Cannot connect (null)::stateChanged(QNetworkSession::State) to QNetworkReplyHttpImpl::_q_networkSessionStateChanged(QNetworkSession::State)
[ 10:11:46,676 ] Didn't send news query with params ( 0 0 ) (URL: QUrl("http://35.239.35.39/login.php") ) due to too many retries.
[ 10:11:46,769 ] QObject::connect: Cannot connect (null)::stateChanged(QNetworkSession::State) to QNetworkReplyHttpImpl::_q_networkSessionStateChanged(QNetworkSession::State)
[ 10:11:46,770 ] QObject::connect: Cannot connect (null)::stateChanged(QNetworkSession::State) to QNetworkReplyHttpImpl::_q_networkSessionStateChanged(QNetworkSession::State)
[ 10:12:15,355 ] QObject::connect: Cannot connect (null)::stateChanged(QNetworkSession::State) to QNetworkReplyHttpImpl::_q_networkSessionStateChanged(QNetworkSession::State)
[ 10:12:44,355 ] QObject::connect: Cannot connect (null)::stateChanged(QNetworkSession::State) to QNetworkReplyHttpImpl::_q_networkSessionStateChanged(QNetworkSession::State)
[ 10:13:13,356 ] QObject::connect: Cannot connect (null)::stateChanged(QNetworkSession::State) to QNetworkReplyHttpImpl::_q_networkSessionStateChanged(QNetworkSession::State)
[ 10:13:42,392 ] QObject::connect: Cannot connect (null)::stateChanged(QNetworkSession::State) to QNetworkReplyHttpImpl::_q_networkSessionStateChanged(QNetworkSession::State)
[ 10:14:11,361 ] QObject::connect: Cannot connect (null)::stateChanged(QNetworkSession::State) to QNetworkReplyHttpImpl::_q_networkSessionStateChanged(QNetworkSession::State)
[ 10:14:40,346 ] QObject::connect: Cannot connect (null)::stateChanged(QNetworkSession::State) to QNetworkReplyHttpImpl::_q_networkSessionStateChanged(QNetworkSession::State)
[ 10:15:09,349 ] QObject::connect: Cannot connect (null)::stateChanged(QNetworkSession::State) to QNetworkReplyHttpImpl::_q_networkSessionStateChanged(QNetworkSession::State)
[ 10:15:38,366 ] QObject::connect: Cannot connect (null)::stateChanged(QNetworkSession::State) to QNetworkReplyHttpImpl::_q_networkSessionStateChanged(QNetworkSession::State)
[ 10:16:07,368 ] QObject::connect: Cannot connect (null)::stateChanged(QNetworkSession::State) to QNetworkReplyHttpImpl::_q_networkSessionStateChanged(QNetworkSession::State)
[ 10:16:36,355 ] QObject::connect: Cannot connect (null)::stateChanged(QNetworkSession::State) to QNetworkReplyHttpImpl::_q_networkSessionStateChanged(QNetworkSession::State)
[ 10:17:05,357 ] QObject::connect: Cannot connect (null)::stateChanged(QNetworkSession::State) to QNetworkReplyHttpImpl::_q_networkSessionStateChanged(QNetworkSession::State)
[ 10:17:34,358 ] QObject::connect: Cannot connect (null)::stateChanged(QNetworkSession::State) to QNetworkReplyHttpImpl::_q_networkSessionStateChanged(QNetworkSession::State)
[ 10:18:03,360 ] QObject::connect: Cannot connect (null)::stateChanged(QNetworkSession::State) to QNetworkReplyHttpImpl::_q_networkSessionStateChanged(QNetworkSession::State)
[ 10:18:32,363 ] QObject::connect: Cannot connect (null)::stateChanged(QNetworkSession::State) to QNetworkReplyHttpImpl::_q_networkSessionStateChanged(QNetworkSession::State)
[ 10:19:01,350 ] QObject::connect: Cannot connect (null)::stateChanged(QNetworkSession::State) to QNetworkReplyHttpImpl::_q_networkSessionStateChanged(QNetworkSession::State)
[ 10:19:30,366 ] QObject::connect: Cannot connect (null)::stateChanged(QNetworkSession::State) to QNetworkReplyHttpImpl::_q_networkSessionStateChanged(QNetworkSession::State)
[ 10:19:59,351 ] QObject::connect: Cannot connect (null)::stateChanged(QNetworkSession::State) to QNetworkReplyHttpImpl::_q_networkSessionStateChanged(QNetworkSession::State)
[ 10:20:28,355 ] QObject::connect: Cannot connect (null)::stateChanged(QNetworkSession::State) to QNetworkReplyHttpImpl::_q_networkSessionStateChanged(QNetworkSession::State)
[ 10:20:57,355 ] QObject::connect: Cannot connect (null)::stateChanged(QNetworkSession::State) to QNetworkReplyHttpImpl::_q_networkSessionStateChanged(QNetworkSession::State)
[ 10:21:26,358 ] QObject::connect: Cannot connect (null)::stateChanged(QNetworkSession::State) to QNetworkReplyHttpImpl::_q_networkSessionStateChanged(QNetworkSession::State)
[ 10:21:55,361 ] QObject::connect: Cannot connect (null)::stateChanged(QNetworkSession::State) to QNetworkReplyHttpImpl::_q_networkSessionStateChanged(QNetworkSession::State)
[ 10:22:24,362 ] QObject::connect: Cannot connect (null)::stateChanged(QNetworkSession::State) to QNetworkReplyHttpImpl::_q_networkSessionStateChanged(QNetworkSession::State)
[ 10:22:53,348 ] QObject::connect: Cannot connect (null)::stateChanged(QNetworkSession::State) to QNetworkReplyHttpImpl::_q_networkSessionStateChanged(QNetworkSession::State)
[ 10:23:22,350 ] QObject::connect: Cannot connect (null)::stateChanged(QNetworkSession::State) to QNetworkReplyHttpImpl::_q_networkSessionStateChanged(QNetworkSession::State)
[ 10:23:51,369 ] QObject::connect: Cannot connect (null)::stateChanged(QNetworkSession::State) to QNetworkReplyHttpImpl::_q_networkSessionStateChanged(QNetworkSession::State)
[ 10:24:20,355 ] QObject::connect: Cannot connect (null)::stateChanged(QNetworkSession::State) to QNetworkReplyHttpImpl::_q_networkSessionStateChanged(QNetworkSession::State)
[ 10:24:49,355 ] QObject::connect: Cannot connect (null)::stateChanged(QNetworkSession::State) to QNetworkReplyHttpImpl::_q_networkSessionStateChanged(QNetworkSession::State)
[ 10:25:18,358 ] QObject::connect: Cannot connect (null)::stateChanged(QNetworkSession::State) to QNetworkReplyHttpImpl::_q_networkSessionStateChanged(QNetworkSession::State)
[ 10:25:47,360 ] QObject::connect: Cannot connect (null)::stateChanged(QNetworkSession::State) to QNetworkReplyHttpImpl::_q_networkSessionStateChanged(QNetworkSession::State)
[ 10:26:16,361 ] QObject::connect: Cannot connect (null)::stateChanged(QNetworkSession::State) to QNetworkReplyHttpImpl::_q_networkSessionStateChanged(QNetworkSession::State)
[ 10:26:45,349 ] QObject::connect: Cannot connect (null)::stateChanged(QNetworkSession::State) to QNetworkReplyHttpImpl::_q_networkSessionStateChanged(QNetworkSession::State)
[ 10:27:14,371 ] QObject::connect: Cannot connect (null)::stateChanged(QNetworkSession::State) to QNetworkReplyHttpImpl::_q_networkSessionStateChanged(QNetworkSession::State)
[ 10:27:43,368 ] QObject::connect: Cannot connect (null)::stateChanged(QNetworkSession::State) to QNetworkReplyHttpImpl::_q_networkSessionStateChanged(QNetworkSession::State)
[ 10:28:12,353 ] QObject::connect: Cannot connect (null)::stateChanged(QNetworkSession::State) to QNetworkReplyHttpImpl::_q_networkSessionStateChanged(QNetworkSession::State)
[ 10:28:41,355 ] QObject::connect: Cannot connect (null)::stateChanged(QNetworkSession::State) to QNetworkReplyHttpImpl::_q_networkSessionStateChanged(QNetworkSession::State)
[ 10:29:10,357 ] QObject::connect: Cannot connect (null)::stateChanged(QNetworkSession::State) to QNetworkReplyHttpImpl::_q_networkSessionStateChanged(QNetworkSession::State)
[ 10:29:39,361 ] QObject::connect: Cannot connect (null)::stateChanged(QNetworkSession::State) to QNetworkReplyHttpImpl::_q_networkSessionStateChanged(QNetworkSession::State)
[ 10:30:08,361 ] QObject::connect: Cannot connect (null)::stateChanged(QNetworkSession::State) to QNetworkReplyHttpImpl::_q_networkSessionStateChanged(QNetworkSession::State)
[ 10:30:37,363 ] QObject::connect: Cannot connect (null)::stateChanged(QNetworkSession::State) to QNetworkReplyHttpImpl::_q_networkSessionStateChanged(QNetworkSession::State)
[ 10:31:06,366 ] QObject::connect: Cannot connect (null)::stateChanged(QNetworkSession::State) to QNetworkReplyHttpImpl::_q_networkSessionStateChanged(QNetworkSession::State)
[ 10:31:35,367 ] QObject::connect: Cannot connect (null)::stateChanged(QNetworkSession::State) to QNetworkReplyHttpImpl::_q_networkSessionStateChanged(QNetworkSession::State)
[ 10:32:04,353 ] QObject::connect: Cannot connect (null)::stateChanged(QNetworkSession::State) to QNetworkReplyHttpImpl::_q_networkSessionStateChanged(QNetworkSession::State)
[ 10:32:33,372 ] QObject::connect: Cannot connect (null)::stateChanged(QNetworkSession::State) to QNetworkReplyHttpImpl::_q_networkSessionStateChanged(QNetworkSession::State)
[ 10:33:02,357 ] QObject::connect: Cannot connect (null)::stateChanged(QNetworkSession::State) to QNetworkReplyHttpImpl::_q_networkSessionStateChanged(QNetworkSession::State)
[ 10:33:31,359 ] QObject::connect: Cannot connect (null)::stateChanged(QNetworkSession::State) to QNetworkReplyHttpImpl::_q_networkSessionStateChanged(QNetworkSession::State)
[ 10:34:00,361 ] QObject::connect: Cannot connect (null)::stateChanged(QNetworkSession::State) to QNetworkReplyHttpImpl::_q_networkSessionStateChanged(QNetworkSession::State)
[ 10:34:29,347 ] QObject::connect: Cannot connect (null)::stateChanged(QNetworkSession::State) to QNetworkReplyHttpImpl::_q_networkSessionStateChanged(QNetworkSession::State)
[ 10:34:58,364 ] QObject::connect: Cannot connect (null)::stateChanged(QNetworkSession::State) to QNetworkReplyHttpImpl::_q_networkSessionStateChanged(QNetworkSession::State)
[ 10:35:27,367 ] QObject::connect: Cannot connect (null)::stateChanged(QNetworkSession::State) to QNetworkReplyHttpImpl::_q_networkSessionStateChanged(QNetworkSession::State)
[ 10:35:56,352 ] QObject::connect: Cannot connect (null)::stateChanged(QNetworkSession::State) to QNetworkReplyHttpImpl::_q_networkSessionStateChanged(QNetworkSession::State)
[ 10:36:25,355 ] QObject::connect: Cannot connect (null)::stateChanged(QNetworkSession::State) to QNetworkReplyHttpImpl::_q_networkSessionStateChanged(QNetworkSession::State)
[ 10:36:54,357 ] QObject::connect: Cannot connect (null)::stateChanged(QNetworkSession::State) to QNetworkReplyHttpImpl::_q_networkSessionStateChanged(QNetworkSession::State)
[ 10:37:23,359 ] QObject::connect: Cannot connect (null)::stateChanged(QNetworkSession::State) to QNetworkReplyHttpImpl::_q_networkSessionStateChanged(QNetworkSession::State)
[ 10:37:52,360 ] QObject::connect: Cannot connect (null)::stateChanged(QNetworkSession::State) to QNetworkReplyHttpImpl::_q_networkSessionStateChanged(QNetworkSession::State)
[ 10:38:21,347 ] QObject::connect: Cannot connect (null)::stateChanged(QNetworkSession::State) to QNetworkReplyHttpImpl::_q_networkSessionStateChanged(QNetworkSession::State)
[ 10:38:50,353 ] QObject::connect: Cannot connect (null)::stateChanged(QNetworkSession::State) to QNetworkReplyHttpImpl::_q_networkSessionStateChanged(QNetworkSession::State)
[ 10:39:19,367 ] QObject::connect: Cannot connect (null)::stateChanged(QNetworkSession::State) to QNetworkReplyHttpImpl::_q_networkSessionStateChanged(QNetworkSession::State)
[ 10:39:48,369 ] QObject::connect: Cannot connect (null)::stateChanged(QNetworkSession::State) to QNetworkReplyHttpImpl::_q_networkSessionStateChanged(QNetworkSession::State)
[ 10:40:17,372 ] QObject::connect: Cannot connect (null)::stateChanged(QNetworkSession::State) to QNetworkReplyHttpImpl::_q_networkSessionStateChanged(QNetworkSession::State)
[ 10:40:46,357 ] QObject::connect: Cannot connect (null)::stateChanged(QNetworkSession::State) to QNetworkReplyHttpImpl::_q_networkSessionStateChanged(QNetworkSession::State)
[ 10:41:15,358 ] QObject::connect: Cannot connect (null)::stateChanged(QNetworkSession::State) to QNetworkReplyHttpImpl::_q_networkSessionStateChanged(QNetworkSession::State)
[ 10:41:44,360 ] QObject::connect: Cannot connect (null)::stateChanged(QNetworkSession::State) to QNetworkReplyHttpImpl::_q_networkSessionStateChanged(QNetworkSession::State)
[ 10:42:13,347 ] QObject::connect: Cannot connect (null)::stateChanged(QNetworkSession::State) to QNetworkReplyHttpImpl::_q_networkSessionStateChanged(QNetworkSession::State)
[ 10:42:42,349 ] QObject::connect: Cannot connect (null)::stateChanged(QNetworkSession::State) to QNetworkReplyHttpImpl::_q_networkSessionStateChanged(QNetworkSession::State)
[ 10:43:11,367 ] QObject::connect: Cannot connect (null)::stateChanged(QNetworkSession::State) to QNetworkReplyHttpImpl::_q_networkSessionStateChanged(QNetworkSession::State)
[ 10:43:40,369 ] QObject::connect: Cannot connect (null)::stateChanged(QNetworkSession::State) to QNetworkReplyHttpImpl::_q_networkSessionStateChanged(QNetworkSession::State)
[ 10:44:09,354 ] QObject::connect: Cannot connect (null)::stateChanged(QNetworkSession::State) to QNetworkReplyHttpImpl::_q_networkSessionStateChanged(QNetworkSession::State)
[ 10:44:38,377 ] QObject::connect: Cannot connect (null)::stateChanged(QNetworkSession::State) to QNetworkReplyHttpImpl::_q_networkSessionStateChanged(QNetworkSession::State)
[ 10:45:07,358 ] QObject::connect: Cannot connect (null)::stateChanged(QNetworkSession::State) to QNetworkReplyHttpImpl::_q_networkSessionStateChanged(QNetworkSession::State)
[ 10:45:36,361 ] QObject::connect: Cannot connect (null)::stateChanged(QNetworkSession::State) to QNetworkReplyHttpImpl::_q_networkSessionStateChanged(QNetworkSession::State)
[ 10:46:05,379 ] QObject::connect: Cannot connect (null)::stateChanged(QNetworkSession::State) to QNetworkReplyHttpImpl::_q_networkSessionStateChanged(QNetworkSession::State)
[ 10:46:34,350 ] QObject::connect: Cannot connect (null)::stateChanged(QNetworkSession::State) to QNetworkReplyHttpImpl::_q_networkSessionStateChanged(QNetworkSession::State)
[ 10:47:03,366 ] QObject::connect: Cannot connect (null)::stateChanged(QNetworkSession::State) to QNetworkReplyHttpImpl::_q_networkSessionStateChanged(QNetworkSession::State)
[ 10:47:32,368 ] QObject::connect: Cannot connect (null)::stateChanged(QNetworkSession::State) to QNetworkReplyHttpImpl::_q_networkSessionStateChanged(QNetworkSession::State)
[ 10:48:01,372 ] QObject::connect: Cannot connect (null)::stateChanged(QNetworkSession::State) to QNetworkReplyHttpImpl::_q_networkSessionStateChanged(QNetworkSession::State)
[ 10:48:30,356 ] QObject::connect: Cannot connect (null)::stateChanged(QNetworkSession::State) to QNetworkReplyHttpImpl::_q_networkSessionStateChanged(QNetworkSession::State)
[ 10:48:59,358 ] QObject::connect: Cannot connect (null)::stateChanged(QNetworkSession::State) to QNetworkReplyHttpImpl::_q_networkSessionStateChanged(QNetworkSession::State)
[ 10:49:28,377 ] QObject::connect: Cannot connect (null)::stateChanged(QNetworkSession::State) to QNetworkReplyHttpImpl::_q_networkSessionStateChanged(QNetworkSession::State)
[ 10:49:57,362 ] QObject::connect: Cannot connect (null)::stateChanged(QNetworkSession::State) to QNetworkReplyHttpImpl::_q_networkSessionStateChanged(QNetworkSession::State)
[ 10:50:26,364 ] QObject::connect: Cannot connect (null)::stateChanged(QNetworkSession::State) to QNetworkReplyHttpImpl::_q_networkSessionStateChanged(QNetworkSession::State)
[ 10:50:55,366 ] QObject::connect: Cannot connect (null)::stateChanged(QNetworkSession::State) to QNetworkReplyHttpImpl::_q_networkSessionStateChanged(QNetworkSession::State)
[ 10:51:24,367 ] QObject::connect: Cannot connect (null)::stateChanged(QNetworkSession::State) to QNetworkReplyHttpImpl::_q_networkSessionStateChanged(QNetworkSession::State)
[ 10:51:53,370 ] QObject::connect: Cannot connect (null)::stateChanged(QNetworkSession::State) to QNetworkReplyHttpImpl::_q_networkSessionStateChanged(QNetworkSession::State)
[ 10:52:22,355 ] QObject::connect: Cannot connect (null)::stateChanged(QNetworkSession::State) to QNetworkReplyHttpImpl::_q_networkSessionStateChanged(QNetworkSession::State)
[ 10:52:51,358 ] QObject::connect: Cannot connect (null)::stateChanged(QNetworkSession::State) to QNetworkReplyHttpImpl::_q_networkSessionStateChanged(QNetworkSession::State)
[ 10:53:20,360 ] QObject::connect: Cannot connect (null)::stateChanged(QNetworkSession::State) to QNetworkReplyHttpImpl::_q_networkSessionStateChanged(QNetworkSession::State)
[ 10:53:49,366 ] QObject::connect: Cannot connect (null)::stateChanged(QNetworkSession::State) to QNetworkReplyHttpImpl::_q_networkSessionStateChanged(QNetworkSession::State)
[ 10:54:18,364 ] QObject::connect: Cannot connect (null)::stateChanged(QNetworkSession::State) to QNetworkReplyHttpImpl::_q_networkSessionStateChanged(QNetworkSession::State)
[ 11:59:14,014 ] Asset loading complete
[ 11:59:15,630 ] QObject::connect: Cannot connect (null)::stateChanged(QNetworkSession::State) to QNetworkReplyHttpImpl::_q_networkSessionStateChanged(QNetworkSession::State)
[ 11:59:17,206 ] QObject::connect: Cannot connect (null)::stateChanged(QNetworkSession::State) to QNetworkReplyHttpImpl::_q_networkSessionStateChanged(QNetworkSession::State)
[ 11:59:17,207 ] QObject::connect: Cannot connect (null)::stateChanged(QNetworkSession::State) to QNetworkReplyHttpImpl::_q_networkSessionStateChanged(QNetworkSession::State)
[ 11:59:17,618 ] QObject::connect: Cannot connect (null)::stateChanged(QNetworkSession::State) to QNetworkReplyHttpImpl::_q_networkSessionStateChanged(QNetworkSession::State)
[ 21:33:55,881 ] QObject::connect: Cannot connect (null)::stateChanged(QNetworkSession::State) to QNetworkReplyHttpImpl::_q_networkSessionStateChanged(QNetworkSession::State)
[ 21:33:57,783 ] Asset loading complete
[ 21:33:57,787 ] QObject::connect: Cannot connect (null)::stateChanged(QNetworkSession::State) to QNetworkReplyHttpImpl::_q_networkSessionStateChanged(QNetworkSession::State)
[ 21:33:57,787 ] QObject::connect: Cannot connect (null)::stateChanged(QNetworkSession::State) to QNetworkReplyHttpImpl::_q_networkSessionStateChanged(QNetworkSession::State)
[ 21:33:58,177 ] QObject::connect: Cannot connect (null)::stateChanged(QNetworkSession::State) to QNetworkReplyHttpImpl::_q_networkSessionStateChanged(QNetworkSession::State)
[ 21:38:33,583 ] Asset loading complete
[ 21:38:35,550 ] QObject::connect: Cannot connect (null)::stateChanged(QNetworkSession::State) to QNetworkReplyHttpImpl::_q_networkSessionStateChanged(QNetworkSession::State)
[ 21:38:37,337 ] QObject::connect: Cannot connect (null)::stateChanged(QNetworkSession::State) to QNetworkReplyHttpImpl::_q_networkSessionStateChanged(QNetworkSession::State)
[ 21:38:37,338 ] QObject::connect: Cannot connect (null)::stateChanged(QNetworkSession::State) to QNetworkReplyHttpImpl::_q_networkSessionStateChanged(QNetworkSession::State)
[ 21:38:37,862 ] QObject::connect: Cannot connect (null)::stateChanged(QNetworkSession::State) to QNetworkReplyHttpImpl::_q_networkSessionStateChanged(QNetworkSession::State)
[ 21:39:04,573 ] QObject::connect: Cannot connect (null)::stateChanged(QNetworkSession::State) to QNetworkReplyHttpImpl::_q_networkSessionStateChanged(QNetworkSession::State)
[ 21:39:33,575 ] QObject::connect: Cannot connect (null)::stateChanged(QNetworkSession::State) to QNetworkReplyHttpImpl::_q_networkSessionStateChanged(QNetworkSession::State)
[ 21:40:02,560 ] QObject::connect: Cannot connect (null)::stateChanged(QNetworkSession::State) to QNetworkReplyHttpImpl::_q_networkSessionStateChanged(QNetworkSession::State)
[ 21:40:31,562 ] QObject::connect: Cannot connect (null)::stateChanged(QNetworkSession::State) to QNetworkReplyHttpImpl::_q_networkSessionStateChanged(QNetworkSession::State)
[ 21:41:00,565 ] QObject::connect: Cannot connect (null)::stateChanged(QNetworkSession::State) to QNetworkReplyHttpImpl::_q_networkSessionStateChanged(QNetworkSession::State)
[ 21:41:29,569 ] QObject::connect: Cannot connect (null)::stateChanged(QNetworkSession::State) to QNetworkReplyHttpImpl::_q_networkSessionStateChanged(QNetworkSession::State)
[ 21:41:58,586 ] QObject::connect: Cannot connect (null)::stateChanged(QNetworkSession::State) to QNetworkReplyHttpImpl::_q_networkSessionStateChanged(QNetworkSession::State)
[ 21:42:27,571 ] QObject::connect: Cannot connect (null)::stateChanged(QNetworkSession::State) to QNetworkReplyHttpImpl::_q_networkSessionStateChanged(QNetworkSession::State)
[ 21:42:56,557 ] QObject::connect: Cannot connect (null)::stateChanged(QNetworkSession::State) to QNetworkReplyHttpImpl::_q_networkSessionStateChanged(QNetworkSession::State)
[ 21:43:25,577 ] QObject::connect: Cannot connect (null)::stateChanged(QNetworkSession::State) to QNetworkReplyHttpImpl::_q_networkSessionStateChanged(QNetworkSession::State)
[ 21:43:54,577 ] QObject::connect: Cannot connect (null)::stateChanged(QNetworkSession::State) to QNetworkReplyHttpImpl::_q_networkSessionStateChanged(QNetworkSession::State)
[ 21:44:23,565 ] QObject::connect: Cannot connect (null)::stateChanged(QNetworkSession::State) to QNetworkReplyHttpImpl::_q_networkSessionStateChanged(QNetworkSession::State)
[ 21:44:52,564 ] QObject::connect: Cannot connect (null)::stateChanged(QNetworkSession::State) to QNetworkReplyHttpImpl::_q_networkSessionStateChanged(QNetworkSession::State)
[ 21:45:21,567 ] QObject::connect: Cannot connect (null)::stateChanged(QNetworkSession::State) to QNetworkReplyHttpImpl::_q_networkSessionStateChanged(QNetworkSession::State)
[ 21:45:50,585 ] QObject::connect: Cannot connect (null)::stateChanged(QNetworkSession::State) to QNetworkReplyHttpImpl::_q_networkSessionStateChanged(QNetworkSession::State)
[ 21:46:19,570 ] QObject::connect: Cannot connect (null)::stateChanged(QNetworkSession::State) to QNetworkReplyHttpImpl::_q_networkSessionStateChanged(QNetworkSession::State)
[ 21:46:48,573 ] QObject::connect: Cannot connect (null)::stateChanged(QNetworkSession::State) to QNetworkReplyHttpImpl::_q_networkSessionStateChanged(QNetworkSession::State)
[ 21:47:17,558 ] QObject::connect: Cannot connect (null)::stateChanged(QNetworkSession::State) to QNetworkReplyHttpImpl::_q_networkSessionStateChanged(QNetworkSession::State)
[ 21:47:46,577 ] QObject::connect: Cannot connect (null)::stateChanged(QNetworkSession::State) to QNetworkReplyHttpImpl::_q_networkSessionStateChanged(QNetworkSession::State)
[ 21:48:15,562 ] QObject::connect: Cannot connect (null)::stateChanged(QNetworkSession::State) to QNetworkReplyHttpImpl::_q_networkSessionStateChanged(QNetworkSession::State)
[ 21:48:44,567 ] QObject::connect: Cannot connect (null)::stateChanged(QNetworkSession::State) to QNetworkReplyHttpImpl::_q_networkSessionStateChanged(QNetworkSession::State)
[ 21:49:13,566 ] QObject::connect: Cannot connect (null)::stateChanged(QNetworkSession::State) to QNetworkReplyHttpImpl::_q_networkSessionStateChanged(QNetworkSession::State)
[ 21:49:42,568 ] QObject::connect: Cannot connect (null)::stateChanged(QNetworkSession::State) to QNetworkReplyHttpImpl::_q_networkSessionStateChanged(QNetworkSession::State)
[ 21:50:11,571 ] QObject::connect: Cannot connect (null)::stateChanged(QNetworkSession::State) to QNetworkReplyHttpImpl::_q_networkSessionStateChanged(QNetworkSession::State)
[ 21:50:40,572 ] QObject::connect: Cannot connect (null)::stateChanged(QNetworkSession::State) to QNetworkReplyHttpImpl::_q_networkSessionStateChanged(QNetworkSession::State)
[ 21:51:09,574 ] QObject::connect: Cannot connect (null)::stateChanged(QNetworkSession::State) to QNetworkReplyHttpImpl::_q_networkSessionStateChanged(QNetworkSession::State)
[ 21:51:38,576 ] QObject::connect: Cannot connect (null)::stateChanged(QNetworkSession::State) to QNetworkReplyHttpImpl::_q_networkSessionStateChanged(QNetworkSession::State)
[ 21:52:07,561 ] QObject::connect: Cannot connect (null)::stateChanged(QNetworkSession::State) to QNetworkReplyHttpImpl::_q_networkSessionStateChanged(QNetworkSession::State)
[ 21:52:36,566 ] QObject::connect: Cannot connect (null)::stateChanged(QNetworkSession::State) to QNetworkReplyHttpImpl::_q_networkSessionStateChanged(QNetworkSession::State)
[ 21:53:05,565 ] QObject::connect: Cannot connect (null)::stateChanged(QNetworkSession::State) to QNetworkReplyHttpImpl::_q_networkSessionStateChanged(QNetworkSession::State)
[ 21:53:34,569 ] QObject::connect: Cannot connect (null)::stateChanged(QNetworkSession::State) to QNetworkReplyHttpImpl::_q_networkSessionStateChanged(QNetworkSession::State)
[ 21:54:03,587 ] QObject::connect: Cannot connect (null)::stateChanged(QNetworkSession::State) to QNetworkReplyHttpImpl::_q_networkSessionStateChanged(QNetworkSession::State)
[ 21:54:32,572 ] QObject::connect: Cannot connect (null)::stateChanged(QNetworkSession::State) to QNetworkReplyHttpImpl::_q_networkSessionStateChanged(QNetworkSession::State)
[ 21:55:01,574 ] QObject::connect: Cannot connect (null)::stateChanged(QNetworkSession::State) to QNetworkReplyHttpImpl::_q_networkSessionStateChanged(QNetworkSession::State)
[ 21:55:30,576 ] QObject::connect: Cannot connect (null)::stateChanged(QNetworkSession::State) to QNetworkReplyHttpImpl::_q_networkSessionStateChanged(QNetworkSession::State)
[ 21:55:59,579 ] QObject::connect: Cannot connect (null)::stateChanged(QNetworkSession::State) to QNetworkReplyHttpImpl::_q_networkSessionStateChanged(QNetworkSession::State)
[ 21:56:28,563 ] QObject::connect: Cannot connect (null)::stateChanged(QNetworkSession::State) to QNetworkReplyHttpImpl::_q_networkSessionStateChanged(QNetworkSession::State)
[ 21:56:57,565 ] QObject::connect: Cannot connect (null)::stateChanged(QNetworkSession::State) to QNetworkReplyHttpImpl::_q_networkSessionStateChanged(QNetworkSession::State)
[ 21:57:26,567 ] QObject::connect: Cannot connect (null)::stateChanged(QNetworkSession::State) to QNetworkReplyHttpImpl::_q_networkSessionStateChanged(QNetworkSession::State)
[ 21:57:55,586 ] QObject::connect: Cannot connect (null)::stateChanged(QNetworkSession::State) to QNetworkReplyHttpImpl::_q_networkSessionStateChanged(QNetworkSession::State)
[ 21:58:24,572 ] QObject::connect: Cannot connect (null)::stateChanged(QNetworkSession::State) to QNetworkReplyHttpImpl::_q_networkSessionStateChanged(QNetworkSession::State)
[ 21:58:53,573 ] QObject::connect: Cannot connect (null)::stateChanged(QNetworkSession::State) to QNetworkReplyHttpImpl::_q_networkSessionStateChanged(QNetworkSession::State)
[ 21:59:22,576 ] QObject::connect: Cannot connect (null)::stateChanged(QNetworkSession::State) to QNetworkReplyHttpImpl::_q_networkSessionStateChanged(QNetworkSession::State)
[ 21:59:51,577 ] QObject::connect: Cannot connect (null)::stateChanged(QNetworkSession::State) to QNetworkReplyHttpImpl::_q_networkSessionStateChanged(QNetworkSession::State)
[ 22:00:20,565 ] QObject::connect: Cannot connect (null)::stateChanged(QNetworkSession::State) to QNetworkReplyHttpImpl::_q_networkSessionStateChanged(QNetworkSession::State)
[ 22:00:49,565 ] QObject::connect: Cannot connect (null)::stateChanged(QNetworkSession::State) to QNetworkReplyHttpImpl::_q_networkSessionStateChanged(QNetworkSession::State)
[ 22:01:18,586 ] QObject::connect: Cannot connect (null)::stateChanged(QNetworkSession::State) to QNetworkReplyHttpImpl::_q_networkSessionStateChanged(QNetworkSession::State)
[ 22:01:47,569 ] QObject::connect: Cannot connect (null)::stateChanged(QNetworkSession::State) to QNetworkReplyHttpImpl::_q_networkSessionStateChanged(QNetworkSession::State)
[ 22:02:16,571 ] QObject::connect: Cannot connect (null)::stateChanged(QNetworkSession::State) to QNetworkReplyHttpImpl::_q_networkSessionStateChanged(QNetworkSession::State)
[ 22:02:45,573 ] QObject::connect: Cannot connect (null)::stateChanged(QNetworkSession::State) to QNetworkReplyHttpImpl::_q_networkSessionStateChanged(QNetworkSession::State)
[ 22:03:14,576 ] QObject::connect: Cannot connect (null)::stateChanged(QNetworkSession::State) to QNetworkReplyHttpImpl::_q_networkSessionStateChanged(QNetworkSession::State)
[ 22:03:43,560 ] QObject::connect: Cannot connect (null)::stateChanged(QNetworkSession::State) to QNetworkReplyHttpImpl::_q_networkSessionStateChanged(QNetworkSession::State)
[ 22:04:12,565 ] QObject::connect: Cannot connect (null)::stateChanged(QNetworkSession::State) to QNetworkReplyHttpImpl::_q_networkSessionStateChanged(QNetworkSession::State)
[ 22:04:41,568 ] QObject::connect: Cannot connect (null)::stateChanged(QNetworkSession::State) to QNetworkReplyHttpImpl::_q_networkSessionStateChanged(QNetworkSession::State)
[ 22:05:10,584 ] QObject::connect: Cannot connect (null)::stateChanged(QNetworkSession::State) to QNetworkReplyHttpImpl::_q_networkSessionStateChanged(QNetworkSession::State)
[ 22:05:39,586 ] QObject::connect: Cannot connect (null)::stateChanged(QNetworkSession::State) to QNetworkReplyHttpImpl::_q_networkSessionStateChanged(QNetworkSession::State)
[ 22:06:08,588 ] QObject::connect: Cannot connect (null)::stateChanged(QNetworkSession::State) to QNetworkReplyHttpImpl::_q_networkSessionStateChanged(QNetworkSession::State)
[ 22:06:37,559 ] QObject::connect: Cannot connect (null)::stateChanged(QNetworkSession::State) to QNetworkReplyHttpImpl::_q_networkSessionStateChanged(QNetworkSession::State)
[ 22:07:04,557 ] QObject::connect: Cannot connect (null)::stateChanged(QNetworkSession::State) to QNetworkReplyHttpImpl::_q_networkSessionStateChanged(QNetworkSession::State)
[ 22:07:05,610 ] QObject::connect: Cannot connect (null)::stateChanged(QNetworkSession::State) to QNetworkReplyHttpImpl::_q_networkSessionStateChanged(QNetworkSession::State)
[ 22:07:05,808 ] News query failed: "Unrecognized event news."
[ 22:07:07,039 ] Request connection to gameserver  "tcp://35.239.35.39:7172"  (unprotected:  "tcp://35.239.35.39:7172" )  requested (Charakter "GM Gaylord" )
[ 22:07:07,142 ] Request connection to gameserver  "tcp://35.239.35.39:7172" "Filthy Casuals"
[ 22:07:07,145 ] QObject::connect: Cannot connect (null)::stateChanged(QNetworkSession::State) to QNetworkReplyHttpImpl::_q_networkSessionStateChanged(QNetworkSession::State)
[ 22:07:07,208 ] Connected to gameserver  "tcp://35.239.35.39:7172" "Filthy Casuals"
[ 22:07:08,679 ] QObject::connect: Cannot connect (null)::stateChanged(QNetworkSession::State) to QNetworkReplyHttpImpl::_q_networkSessionStateChanged(QNetworkSession::State)
[ 22:07:08,859 ] News query failed: "Unrecognized event news."
[ 22:07:40,863 ] Connection to gameserver  "tcp://35.239.35.39:7172" "Filthy Casuals"  was disconnected ( "The remote host closed the connection" )
[ 22:07:40,863 ] QObject::connect: Cannot connect (null)::stateChanged(QNetworkSession::State) to QNetworkReplyHttpImpl::_q_networkSessionStateChanged(QNetworkSession::State)
[ 22:07:41,020 ] Disconnected from gameserver
[ 22:07:41,117 ] QObject::connect: Cannot connect (null)::stateChanged(QNetworkSession::State) to QNetworkReplyHttpImpl::_q_networkSessionStateChanged(QNetworkSession::State)
[ 22:07:41,117 ] QObject::connect: Cannot connect (null)::stateChanged(QNetworkSession::State) to QNetworkReplyHttpImpl::_q_networkSessionStateChanged(QNetworkSession::State)
[ 22:07:41,119 ] QObject::connect: Cannot connect (null)::stateChanged(QNetworkSession::State) to QNetworkReplyHttpImpl::_q_networkSessionStateChanged(QNetworkSession::State)
[ 22:07:41,409 ] QObject::connect: Cannot connect (null)::stateChanged(QNetworkSession::State) to QNetworkReplyHttpImpl::_q_networkSessionStateChanged(QNetworkSession::State)
[ 22:07:41,410 ] QObject::connect: Cannot connect (null)::stateChanged(QNetworkSession::State) to QNetworkReplyHttpImpl::_q_networkSessionStateChanged(QNetworkSession::State)
[ 22:07:41,410 ] QObject::connect: Cannot connect (null)::stateChanged(QNetworkSession::State) to QNetworkReplyHttpImpl::_q_networkSessionStateChanged(QNetworkSession::State)
[ 22:07:41,486 ] QObject::connect: Cannot connect (null)::stateChanged(QNetworkSession::State) to QNetworkReplyHttpImpl::_q_networkSessionStateChanged(QNetworkSession::State)
[ 22:07:41,665 ] News query failed: "Unrecognized event news."
[ 22:30:38,317 ] Asset loading complete
[ 22:30:39,884 ] QObject::connect: Cannot connect (null)::stateChanged(QNetworkSession::State) to QNetworkReplyHttpImpl::_q_networkSessionStateChanged(QNetworkSession::State)
[ 22:30:41,646 ] QObject::connect: Cannot connect (null)::stateChanged(QNetworkSession::State) to QNetworkReplyHttpImpl::_q_networkSessionStateChanged(QNetworkSession::State)
[ 22:30:41,646 ] QObject::connect: Cannot connect (null)::stateChanged(QNetworkSession::State) to QNetworkReplyHttpImpl::_q_networkSessionStateChanged(QNetworkSession::State)
[ 22:30:42,075 ] QObject::connect: Cannot connect (null)::stateChanged(QNetworkSession::State) to QNetworkReplyHttpImpl::_q_networkSessionStateChanged(QNetworkSession::State)
[ 22:30:47,158 ] QObject::connect: Cannot connect (null)::stateChanged(QNetworkSession::State) to QNetworkReplyHttpImpl::_q_networkSessionStateChanged(QNetworkSession::State)
[ 22:30:47,556 ] QObject::connect: Cannot connect (null)::stateChanged(QNetworkSession::State) to QNetworkReplyHttpImpl::_q_networkSessionStateChanged(QNetworkSession::State)
[ 22:30:47,858 ] News query failed: "Unrecognized event news."
[ 22:30:48,738 ] Request connection to gameserver  "tcp://35.239.35.39:7172"  (unprotected:  "tcp://35.239.35.39:7172" )  requested (Charakter "GM Gaylord" )
[ 22:30:48,758 ] Request connection to gameserver  "tcp://35.239.35.39:7172" "Filthy Casuals"
[ 22:30:48,825 ] Connected to gameserver  "tcp://35.239.35.39:7172" "Filthy Casuals"
[ 22:30:49,777 ] QObject::connect: Cannot connect (null)::stateChanged(QNetworkSession::State) to QNetworkReplyHttpImpl::_q_networkSessionStateChanged(QNetworkSession::State)
[ 22:30:49,960 ] News query failed: "Unrecognized event news."
[ 22:31:33,404 ] "updateOrCreateCreatureFromProtobuf: no creature with id 268435503 found"
[ 22:32:02,728 ] Connection to gameserver  "tcp://35.239.35.39:7172" "Filthy Casuals"  was disconnected ( "The remote host closed the connection" )
[ 22:32:02,728 ] QObject::connect: Cannot connect (null)::stateChanged(QNetworkSession::State) to QNetworkReplyHttpImpl::_q_networkSessionStateChanged(QNetworkSession::State)
[ 22:32:02,857 ] Disconnected from gameserver
[ 22:32:02,945 ] QObject::connect: Cannot connect (null)::stateChanged(QNetworkSession::State) to QNetworkReplyHttpImpl::_q_networkSessionStateChanged(QNetworkSession::State)
[ 22:32:02,945 ] QObject::connect: Cannot connect (null)::stateChanged(QNetworkSession::State) to QNetworkReplyHttpImpl::_q_networkSessionStateChanged(QNetworkSession::State)
[ 22:32:02,946 ] QObject::connect: Cannot connect (null)::stateChanged(QNetworkSession::State) to QNetworkReplyHttpImpl::_q_networkSessionStateChanged(QNetworkSession::State)
[ 22:32:03,197 ] QObject::connect: Cannot connect (null)::stateChanged(QNetworkSession::State) to QNetworkReplyHttpImpl::_q_networkSessionStateChanged(QNetworkSession::State)
[ 22:32:03,198 ] QObject::connect: Cannot connect (null)::stateChanged(QNetworkSession::State) to QNetworkReplyHttpImpl::_q_networkSessionStateChanged(QNetworkSession::State)
[ 22:32:03,199 ] QObject::connect: Cannot connect (null)::stateChanged(QNetworkSession::State) to QNetworkReplyHttpImpl::_q_networkSessionStateChanged(QNetworkSession::State)
[ 22:32:03,230 ] QObject::connect: Cannot connect (null)::stateChanged(QNetworkSession::State) to QNetworkReplyHttpImpl::_q_networkSessionStateChanged(QNetworkSession::State)
[ 22:32:03,407 ] News query failed: "Unrecognized event news."
[ 22:32:07,426 ] QObject::connect: Cannot connect (null)::stateChanged(QNetworkSession::State) to QNetworkReplyHttpImpl::_q_networkSessionStateChanged(QNetworkSession::State)
[ 22:32:07,644 ] Didn't send news query with params ( 0 0 ) (URL: QUrl("http://35.239.35.39/login.php") ) due to too many retries.
[ 22:32:10,892 ] Request connection to gameserver  "tcp://35.239.35.39:7172"  (unprotected:  "tcp://35.239.35.39:7172" )  requested (Charakter "Covid Nineteen" )
[ 22:32:10,912 ] Request connection to gameserver  "tcp://35.239.35.39:7172" "Filthy Casuals"
[ 22:32:10,978 ] Connected to gameserver  "tcp://35.239.35.39:7172" "Filthy Casuals"
[ 22:32:11,863 ] "updateOrCreateCreatureFromProtobuf: no creature with id 268435515 found"
[ 22:32:11,881 ] Didn't send news query with params ( 0 0 ) (URL: QUrl("http://35.239.35.39/login.php") ) due to too many retries.
[ 22:32:12,879 ] "updateOrCreateCreatureFromProtobuf: no creature with id 268435515 found"
[ 22:32:13,880 ] "updateOrCreateCreatureFromProtobuf: no creature with id 268435515 found"
[ 22:33:09,749 ] Connection to gameserver  "tcp://35.239.35.39:7172" "Filthy Casuals"  was disconnected ( "The remote host closed the connection" )
[ 22:33:09,750 ] QObject::connect: Cannot connect (null)::stateChanged(QNetworkSession::State) to QNetworkReplyHttpImpl::_q_networkSessionStateChanged(QNetworkSession::State)
[ 22:33:09,879 ] Disconnected from gameserver
[ 22:33:09,988 ] QObject::connect: Cannot connect (null)::stateChanged(QNetworkSession::State) to QNetworkReplyHttpImpl::_q_networkSessionStateChanged(QNetworkSession::State)
[ 22:33:09,989 ] QObject::connect: Cannot connect (null)::stateChanged(QNetworkSession::State) to QNetworkReplyHttpImpl::_q_networkSessionStateChanged(QNetworkSession::State)
[ 22:33:09,990 ] QObject::connect: Cannot connect (null)::stateChanged(QNetworkSession::State) to QNetworkReplyHttpImpl::_q_networkSessionStateChanged(QNetworkSession::State)
[ 22:33:10,152 ] Didn't send news query with params ( 0 0 ) (URL: QUrl("http://35.239.35.39/login.php") ) due to too many retries.
[ 22:33:10,295 ] QObject::connect: Cannot connect (null)::stateChanged(QNetworkSession::State) to QNetworkReplyHttpImpl::_q_networkSessionStateChanged(QNetworkSession::State)
[ 22:33:10,296 ] QObject::connect: Cannot connect (null)::stateChanged(QNetworkSession::State) to QNetworkReplyHttpImpl::_q_networkSessionStateChanged(QNetworkSession::State)
[ 22:33:10,297 ] QObject::connect: Cannot connect (null)::stateChanged(QNetworkSession::State) to QNetworkReplyHttpImpl::_q_networkSessionStateChanged(QNetworkSession::State)
[ 22:33:14,420 ] QObject::connect: Cannot connect (null)::stateChanged(QNetworkSession::State) to QNetworkReplyHttpImpl::_q_networkSessionStateChanged(QNetworkSession::State)
[ 22:33:14,621 ] Didn't send news query with params ( 0 0 ) (URL: QUrl("http://35.239.35.39/login.php") ) due to too many retries.
[ 22:33:15,650 ] Request connection to gameserver  "tcp://35.239.35.39:7172"  (unprotected:  "tcp://35.239.35.39:7172" )  requested (Charakter "GM Gaylord" )
[ 22:33:15,670 ] Request connection to gameserver  "tcp://35.239.35.39:7172" "Filthy Casuals"
[ 22:33:15,737 ] Connected to gameserver  "tcp://35.239.35.39:7172" "Filthy Casuals"
[ 22:33:16,621 ] Didn't send news query with params ( 0 0 ) (URL: QUrl("http://35.239.35.39/login.php") ) due to too many retries.
[ 22:40:28,917 ] Connection to gameserver  "tcp://35.239.35.39:7172" "Filthy Casuals"  was disconnected ( "The remote host closed the connection" )
[ 22:40:28,917 ] QObject::connect: Cannot connect (null)::stateChanged(QNetworkSession::State) to QNetworkReplyHttpImpl::_q_networkSessionStateChanged(QNetworkSession::State)
[ 22:40:29,070 ] Disconnected from gameserver
[ 22:40:29,169 ] QObject::connect: Cannot connect (null)::stateChanged(QNetworkSession::State) to QNetworkReplyHttpImpl::_q_networkSessionStateChanged(QNetworkSession::State)
[ 22:40:29,170 ] QObject::connect: Cannot connect (null)::stateChanged(QNetworkSession::State) to QNetworkReplyHttpImpl::_q_networkSessionStateChanged(QNetworkSession::State)
[ 22:40:29,171 ] QObject::connect: Cannot connect (null)::stateChanged(QNetworkSession::State) to QNetworkReplyHttpImpl::_q_networkSessionStateChanged(QNetworkSession::State)
[ 22:40:29,349 ] Didn't send news query with params ( 0 0 ) (URL: QUrl("http://35.239.35.39/login.php") ) due to too many retries.
[ 22:40:29,433 ] QObject::connect: Cannot connect (null)::stateChanged(QNetworkSession::State) to QNetworkReplyHttpImpl::_q_networkSessionStateChanged(QNetworkSession::State)
[ 22:40:29,433 ] QObject::connect: Cannot connect (null)::stateChanged(QNetworkSession::State) to QNetworkReplyHttpImpl::_q_networkSessionStateChanged(QNetworkSession::State)
[ 22:40:29,435 ] QObject::connect: Cannot connect (null)::stateChanged(QNetworkSession::State) to QNetworkReplyHttpImpl::_q_networkSessionStateChanged(QNetworkSession::State)
[ 23:58:38,942 ] QObject::connect: Cannot connect (null)::stateChanged(QNetworkSession::State) to QNetworkReplyHttpImpl::_q_networkSessionStateChanged(QNetworkSession::State)
[ 23:58:40,426 ] Asset loading complete
[ 23:58:40,429 ] QObject::connect: Cannot connect (null)::stateChanged(QNetworkSession::State) to QNetworkReplyHttpImpl::_q_networkSessionStateChanged(QNetworkSession::State)
[ 23:58:40,429 ] QObject::connect: Cannot connect (null)::stateChanged(QNetworkSession::State) to QNetworkReplyHttpImpl::_q_networkSessionStateChanged(QNetworkSession::State)
[ 23:58:40,762 ] QObject::connect: Cannot connect (null)::stateChanged(QNetworkSession::State) to QNetworkReplyHttpImpl::_q_networkSessionStateChanged(QNetworkSession::State)
[ 23:58:43,479 ] QObject::connect: Cannot connect (null)::stateChanged(QNetworkSession::State) to QNetworkReplyHttpImpl::_q_networkSessionStateChanged(QNetworkSession::State)
[ 23:58:44,065 ] QObject::connect: Cannot connect (null)::stateChanged(QNetworkSession::State) to QNetworkReplyHttpImpl::_q_networkSessionStateChanged(QNetworkSession::State)
[ 23:58:44,280 ] News query failed: "Unrecognized event news."
[ 23:58:45,309 ] Request connection to gameserver  "tcp://35.239.35.39:7172"  (unprotected:  "tcp://35.239.35.39:7172" )  requested (Charakter "GM Gaylord" )
[ 23:58:45,330 ] Request connection to gameserver  "tcp://35.239.35.39:7172" "Filthy Casuals"
[ 23:58:45,397 ] Connected to gameserver  "tcp://35.239.35.39:7172" "Filthy Casuals"
[ 23:58:46,531 ] QObject::connect: Cannot connect (null)::stateChanged(QNetworkSession::State) to QNetworkReplyHttpImpl::_q_networkSessionStateChanged(QNetworkSession::State)
[ 23:58:46,731 ] News query failed: "Unrecognized event news."
[ 00:30:39,265 ] Connection to gameserver  "tcp://35.239.35.39:7172" "Filthy Casuals"  was disconnected ( "The remote host closed the connection" )
[ 00:30:39,267 ] QObject::connect: Cannot connect (null)::stateChanged(QNetworkSession::State) to QNetworkReplyHttpImpl::_q_networkSessionStateChanged(QNetworkSession::State)
[ 00:30:39,457 ] Disconnected from gameserver
[ 00:30:39,634 ] QObject::connect: Cannot connect (null)::stateChanged(QNetworkSession::State) to QNetworkReplyHttpImpl::_q_networkSessionStateChanged(QNetworkSession::State)
[ 00:30:39,635 ] QObject::connect: Cannot connect (null)::stateChanged(QNetworkSession::State) to QNetworkReplyHttpImpl::_q_networkSessionStateChanged(QNetworkSession::State)
[ 00:30:39,637 ] QObject::connect: Cannot connect (null)::stateChanged(QNetworkSession::State) to QNetworkReplyHttpImpl::_q_networkSessionStateChanged(QNetworkSession::State)
[ 00:30:39,956 ] QObject::connect: Cannot connect (null)::stateChanged(QNetworkSession::State) to QNetworkReplyHttpImpl::_q_networkSessionStateChanged(QNetworkSession::State)
[ 00:30:39,957 ] QObject::connect: Cannot connect (null)::stateChanged(QNetworkSession::State) to QNetworkReplyHttpImpl::_q_networkSessionStateChanged(QNetworkSession::State)
[ 00:30:39,957 ] QObject::connect: Cannot connect (null)::stateChanged(QNetworkSession::State) to QNetworkReplyHttpImpl::_q_networkSessionStateChanged(QNetworkSession::State)
[ 00:30:40,004 ] QObject::connect: Cannot connect (null)::stateChanged(QNetworkSession::State) to QNetworkReplyHttpImpl::_q_networkSessionStateChanged(QNetworkSession::State)
[ 00:30:40,183 ] News query failed: "Unrecognized event news."
